<?xml version="1.0" encoding="UTF-8"?>
<!-- Generated by org.testng.reporters.JUnitReportReporter -->
<testsuite hostname="DESKTOP-GVKU7GV" failures="0" tests="3" name="pac2.orgTest" time="0.024" errors="0" timestamp="2025-03-17T15:12:46 IST" skipped="0">
  <testcase classname="pac2.orgTest" name="NewOrgPageinfo" time="0.018"/>
  <system-out/>
  <testcase classname="pac2.orgTest" name="createOrgtest" time="0.003"/>
  <system-out/>
  <testcase classname="pac2.orgTest" name="modifyOrgtest" time="0.003"/>
  <system-out/>
</testsuite> <!-- pac2.orgTest -->
