<?xml version="1.0" encoding="UTF-8"?>
<!-- Generated by org.testng.reporters.JUnitReportReporter -->
<testsuite hostname="DESKTOP-GVKU7GV" failures="0" tests="5" name="pac1.ContactTest" time="0.015" errors="0" timestamp="2025-03-17T15:12:29 IST" skipped="0">
  <testcase classname="pac1.ContactTest" name="B" time="0.003"/>
  <system-out/>
  <testcase classname="pac1.ContactTest" name="A" time="0.003"/>
  <system-out/>
  <testcase classname="pac1.ContactTest" name="C" time="0.002"/>
  <system-out/>
  <testcase classname="pac1.ContactTest" name="createContacttest" time="0.005"/>
  <system-out/>
  <testcase classname="pac1.ContactTest" name="modifyContacttest" time="0.002"/>
  <system-out/>
</testsuite> <!-- pac1.ContactTest -->
